11:21:40.599 [main] INFO   - tns:analog
11:21:40.601 [main] INFO   - tns:versions
11:21:40.601 [main] INFO   - tns:version
11:21:40.602 [main] INFO   - tns:certificate
11:21:40.602 [main] INFO   - tns:certificate-number
11:21:40.602 [main] INFO   - tns:certificate-issued-date-time
11:21:40.602 [main] INFO   - tns:certificate-expires-date-time
11:21:40.603 [main] INFO   - tns:certificate-registered-organization
11:21:40.603 [main] INFO   - tns:package
11:21:40.604 [main] INFO   - tns:package-type
11:21:40.604 [main] INFO   - tns:package-elements-count-in
11:21:40.604 [main] INFO   - tns:package-price
11:21:40.604 [main] INFO   - tns:dosage
11:21:40.604 [main] INFO   - tns:dosage-active-agent
11:21:40.605 [main] INFO   - tns:dosage-maximum-use-per-day
11:21:40.605 [main] INFO   - tns:medicine
11:21:40.605 [main] INFO   - tns:name
11:21:40.605 [main] INFO   - tns:pharm
11:21:40.605 [main] INFO   - tns:group
11:21:40.606 [main] INFO   - tns:analogs
11:21:40.606 [main] INFO   - tns:analog
11:21:40.606 [main] INFO   - tns:versions
11:21:40.607 [main] INFO   - tns:version
11:21:40.607 [main] INFO   - tns:certificate
11:21:40.607 [main] INFO   - tns:certificate-number
11:21:40.607 [main] INFO   - tns:certificate-issued-date-time
11:21:40.607 [main] INFO   - tns:certificate-expires-date-time
11:21:40.607 [main] INFO   - tns:certificate-registered-organization
11:21:40.607 [main] INFO   - tns:package
11:21:40.607 [main] INFO   - tns:package-type
11:21:40.608 [main] INFO   - tns:package-elements-count-in
11:21:40.608 [main] INFO   - tns:package-price
11:21:40.608 [main] INFO   - tns:dosage
11:21:40.608 [main] INFO   - tns:dosage-active-agent
11:21:40.608 [main] INFO   - tns:dosage-maximum-use-per-day
11:21:40.608 [main] INFO   - tns:medicine
11:21:40.608 [main] INFO   - tns:name
11:21:40.608 [main] INFO   - tns:pharm
11:21:40.608 [main] INFO   - tns:group
11:21:40.608 [main] INFO   - tns:analogs
11:21:40.609 [main] INFO   - tns:analog
11:21:40.609 [main] INFO   - tns:analog
11:21:40.609 [main] INFO   - tns:analog
11:21:40.609 [main] INFO   - tns:analog
11:21:40.609 [main] INFO   - tns:versions
11:21:40.609 [main] INFO   - tns:version
11:21:40.609 [main] INFO   - tns:certificate
11:21:40.609 [main] INFO   - tns:certificate-number
11:21:40.609 [main] INFO   - tns:certificate-issued-date-time
11:21:40.609 [main] INFO   - tns:certificate-expires-date-time
11:21:40.609 [main] INFO   - tns:certificate-registered-organization
11:21:40.609 [main] INFO   - tns:package
11:21:40.609 [main] INFO   - tns:package-type
11:21:40.609 [main] INFO   - tns:package-elements-count-in
11:21:40.610 [main] INFO   - tns:package-price
11:21:40.610 [main] INFO   - tns:dosage
11:21:40.610 [main] INFO   - tns:dosage-active-agent
11:21:40.610 [main] INFO   - tns:dosage-maximum-use-per-day
