11:19:24.138 [main] INFO   - tns:analog
11:19:24.140 [main] INFO   - tns:versions
11:19:24.140 [main] INFO   - tns:version
11:19:24.140 [main] INFO   - tns:certificate
11:19:24.141 [main] INFO   - tns:certificate-number
11:19:24.141 [main] INFO   - tns:certificate-issued-date-time
11:19:24.141 [main] INFO   - tns:certificate-expires-date-time
11:19:24.141 [main] INFO   - tns:certificate-registered-organization
11:19:24.141 [main] INFO   - tns:package
11:19:24.142 [main] INFO   - tns:package-type
11:19:24.142 [main] INFO   - tns:package-elements-count-in
11:19:24.142 [main] INFO   - tns:package-price
11:19:24.142 [main] INFO   - tns:dosage
11:19:24.142 [main] INFO   - tns:dosage-active-agent
11:19:24.142 [main] INFO   - tns:dosage-maximum-use-per-day
11:19:24.143 [main] INFO   - tns:medicine
11:19:24.143 [main] INFO   - tns:name
11:19:24.143 [main] INFO   - tns:pharm
11:19:24.143 [main] INFO   - tns:group
11:19:24.143 [main] INFO   - tns:analogs
11:19:24.143 [main] INFO   - tns:analog
11:19:24.144 [main] INFO   - tns:versions
11:19:24.144 [main] INFO   - tns:version
11:19:24.145 [main] INFO   - tns:certificate
11:19:24.145 [main] INFO   - tns:certificate-number
11:19:24.146 [main] INFO   - tns:certificate-issued-date-time
11:19:24.146 [main] INFO   - tns:certificate-expires-date-time
11:19:24.146 [main] INFO   - tns:certificate-registered-organization
11:19:24.146 [main] INFO   - tns:package
11:19:24.146 [main] INFO   - tns:package-type
11:19:24.146 [main] INFO   - tns:package-elements-count-in
11:19:24.146 [main] INFO   - tns:package-price
11:19:24.146 [main] INFO   - tns:dosage
11:19:24.146 [main] INFO   - tns:dosage-active-agent
11:19:24.146 [main] INFO   - tns:dosage-maximum-use-per-day
11:19:24.147 [main] INFO   - tns:medicine
11:19:24.147 [main] INFO   - tns:name
11:19:24.147 [main] INFO   - tns:pharm
11:19:24.147 [main] INFO   - tns:group
11:19:24.147 [main] INFO   - tns:analogs
11:19:24.148 [main] INFO   - tns:analog
11:19:24.148 [main] INFO   - tns:analog
11:19:24.148 [main] INFO   - tns:analog
11:19:24.148 [main] INFO   - tns:analog
11:19:24.148 [main] INFO   - tns:versions
11:19:24.148 [main] INFO   - tns:version
11:19:24.149 [main] INFO   - tns:certificate
11:19:24.149 [main] INFO   - tns:certificate-number
11:19:24.149 [main] INFO   - tns:certificate-issued-date-time
11:19:24.149 [main] INFO   - tns:certificate-expires-date-time
11:19:24.149 [main] INFO   - tns:certificate-registered-organization
11:19:24.149 [main] INFO   - tns:package
11:19:24.149 [main] INFO   - tns:package-type
11:19:24.149 [main] INFO   - tns:package-elements-count-in
11:19:24.149 [main] INFO   - tns:package-price
11:19:24.149 [main] INFO   - tns:dosage
11:19:24.149 [main] INFO   - tns:dosage-active-agent
11:19:24.150 [main] INFO   - tns:dosage-maximum-use-per-day
