20:17:07.127 [main] INFO   - 
					
20:17:07.135 [main] INFO   - 
						
20:17:07.135 [main] INFO   - dosage-description
20:17:07.135 [main] INFO   - Adults
20:17:07.135 [main] INFO   - dosage-description
20:17:07.135 [main] INFO   - 
						
20:17:07.135 [main] INFO   - dosage-active-agent
20:17:07.135 [main] INFO   - 50
20:17:07.135 [main] INFO   - 
						
20:17:07.135 [main] INFO   - dosage-maximum-use-per-day
20:17:07.136 [main] INFO   - 5
20:17:07.136 [main] INFO   - 
					
20:17:07.136 [main] INFO   - 
				
20:17:07.136 [main] INFO   - 
			
20:17:07.136 [main] INFO   - 
		
20:17:07.136 [main] INFO   - 
	
20:17:07.136 [main] INFO   - 
	
			
20:17:07.136 [main] INFO   - 
	
20:17:07.136 [main] INFO   -    
		
20:17:07.137 [main] INFO   - name
20:17:07.137 [main] INFO   - Luhaunel
20:17:07.137 [main] INFO   - 
		
20:17:07.137 [main] INFO   - pharm
20:17:07.137 [main] INFO   - MINSK-PHARM
20:17:07.137 [main] INFO   - 
		
20:17:07.137 [main] INFO   - group
20:17:07.137 [main] INFO   - Different medicines
20:17:07.137 [main] INFO   - 
		
20:17:07.137 [main] INFO   - 
			
20:17:07.137 [main] INFO   - Luhaunel-MAX
20:17:07.137 [main] INFO   - 
		
20:17:07.137 [main] INFO   - 
		
20:17:07.137 [main] INFO   -  
			
20:17:07.137 [main] INFO   - 
 				
20:17:07.137 [main] INFO   - 
 					
20:17:07.137 [main] INFO   - certificate-number
20:17:07.137 [main] INFO   - 1000000017
20:17:07.138 [main] INFO   - 
 					
20:17:07.138 [main] INFO   - certificate-issued-date-time
20:17:07.138 [main] INFO   - 2020-01-01T00:00:00
20:17:07.138 [main] INFO   - 
 					
20:17:07.138 [main] INFO   - certificate-expires-date-time
20:17:07.138 [main] INFO   - 2025-01-01T00:00:00
20:17:07.138 [main] INFO   - 
 					
20:17:07.139 [main] INFO   - certificate-registered-organization
20:17:07.139 [main] INFO   - Minzdrav
20:17:07.139 [main] INFO   - 
 				
20:17:07.139 [main] INFO   - 
 				
20:17:07.139 [main] INFO   - 
 					
20:17:07.139 [main] INFO   - package-type
20:17:07.139 [main] INFO   - bottle
20:17:07.139 [main] INFO   - 
 					
20:17:07.140 [main] INFO   - package-elements-count-in
20:17:07.140 [main] INFO   - 10
20:17:07.140 [main] INFO   - 
 					
20:17:07.140 [main] INFO   - package-price
20:17:07.140 [main] INFO   - 10000
20:17:07.140 [main] INFO   - 
 				
20:17:07.140 [main] INFO   - 
 				
20:17:07.140 [main] INFO   - 
					
20:17:07.140 [main] INFO   - 
						
20:17:07.140 [main] INFO   - dosage-description
20:17:07.141 [main] INFO   - Childrens
20:17:07.141 [main] INFO   - dosage-description
20:17:07.141 [main] INFO   - 
						
20:17:07.141 [main] INFO   - dosage-active-agent
20:17:07.141 [main] INFO   - 50
20:17:07.141 [main] INFO   - 
						
20:17:07.141 [main] INFO   - dosage-maximum-use-per-day
20:17:07.141 [main] INFO   - 5
20:17:07.142 [main] INFO   - 
					
20:17:07.142 [main] INFO   - 
					
20:17:07.142 [main] INFO   - 
						
20:17:07.142 [main] INFO   - dosage-description
20:17:07.142 [main] INFO   - Adults
20:17:07.142 [main] INFO   - dosage-description
20:17:07.142 [main] INFO   - 
						
20:17:07.142 [main] INFO   - dosage-active-agent
20:17:07.142 [main] INFO   - 50
20:17:07.142 [main] INFO   - 
						
20:17:07.142 [main] INFO   - dosage-maximum-use-per-day
20:17:07.142 [main] INFO   - 5
20:17:07.142 [main] INFO   - 
					
20:17:07.142 [main] INFO   - 
				
20:17:07.142 [main] INFO   - 
			
20:17:07.142 [main] INFO   - 
		
20:17:07.143 [main] INFO   - 
	
20:17:07.143 [main] INFO   - 
	
			
20:17:07.143 [main] INFO   - 
	
20:17:07.143 [main] INFO   -    
		
20:17:07.143 [main] INFO   - name
20:17:07.143 [main] INFO   - IBUPROFEN2
20:17:07.143 [main] INFO   - 
		
20:17:07.143 [main] INFO   - pharm
20:17:07.143 [main] INFO   - MINSK-PHARM
20:17:07.143 [main] INFO   - 
		
20:17:07.143 [main] INFO   - group
20:17:07.143 [main] INFO   - Metabolics medicines
20:17:07.143 [main] INFO   - 
		
20:17:07.143 [main] INFO   - 
			
20:17:07.143 [main] INFO   - IBUPROFEN2-MAX
20:17:07.143 [main] INFO   - 
			
20:17:07.144 [main] INFO   - IBUPROFEN3-MAX
20:17:07.144 [main] INFO   - 
			
20:17:07.144 [main] INFO   - IBUPROFEN4-MAX
20:17:07.144 [main] INFO   - 
			
20:17:07.144 [main] INFO   - IBUPROFEN5-MAX
20:17:07.144 [main] INFO   - 
		
20:17:07.144 [main] INFO   - 
		
20:17:07.144 [main] INFO   -  
			
20:17:07.144 [main] INFO   - 
 				
20:17:07.144 [main] INFO   - 
 					
20:17:07.144 [main] INFO   - certificate-number
20:17:07.144 [main] INFO   - 1000000018
20:17:07.144 [main] INFO   - 
 					
20:17:07.144 [main] INFO   - certificate-issued-date-time
20:17:07.145 [main] INFO   - 2020-01-01T00:00:00
20:17:07.145 [main] INFO   - 
 					
20:17:07.145 [main] INFO   - certificate-expires-date-time
20:17:07.145 [main] INFO   - 2025-01-01T00:00:00
20:17:07.146 [main] INFO   - 
 					
20:17:07.146 [main] INFO   - certificate-registered-organization
20:17:07.146 [main] INFO   - Minzdrav
20:17:07.146 [main] INFO   - 
 				
20:17:07.146 [main] INFO   - 
 				
20:17:07.146 [main] INFO   - 
 					
20:17:07.146 [main] INFO   - package-type
20:17:07.146 [main] INFO   - cell packaging
20:17:07.146 [main] INFO   - 
 					
20:17:07.146 [main] INFO   - package-elements-count-in
20:17:07.146 [main] INFO   - 10
20:17:07.147 [main] INFO   - 
 					
20:17:07.147 [main] INFO   - package-price
20:17:07.147 [main] INFO   - 1
20:17:07.147 [main] INFO   - 
 				
20:17:07.147 [main] INFO   - 
 				
20:17:07.147 [main] INFO   - 
					
20:17:07.147 [main] INFO   - 
						
20:17:07.147 [main] INFO   - dosage-description
20:17:07.147 [main] INFO   - Childrens
20:17:07.152 [main] INFO   - dosage-description
20:17:07.152 [main] INFO   - 
						
20:17:07.152 [main] INFO   - dosage-active-agent
20:17:07.152 [main] INFO   - 50
20:17:07.152 [main] INFO   - 
						
20:17:07.155 [main] INFO   - dosage-maximum-use-per-day
20:17:07.156 [main] INFO   - 5
20:17:07.156 [main] INFO   - 
					
20:17:07.156 [main] INFO   - 
					
20:17:07.156 [main] INFO   - 
						
20:17:07.156 [main] INFO   - dosage-description
20:17:07.156 [main] INFO   - Adults
20:17:07.156 [main] INFO   - dosage-description
20:17:07.156 [main] INFO   - 
						
20:17:07.156 [main] INFO   - dosage-active-agent
20:17:07.156 [main] INFO   - 50
20:17:07.156 [main] INFO   - 
						
20:17:07.156 [main] INFO   - dosage-maximum-use-per-day
20:17:07.156 [main] INFO   - 5
20:17:07.158 [main] INFO   - 
					
20:17:07.158 [main] INFO   - 
				
20:17:07.158 [main] INFO   - 
			
20:17:07.158 [main] INFO   - 
		
20:17:07.158 [main] INFO   - 
	
20:17:07.158 [main] INFO   - 

